The system is: Windows - 10.0.19045 - AMD64
Compiling the C compiler identification source file "CMakeCCompilerId.c" succeeded.
Compiler:  
Build flags: 
Id flags:  

The output was:
0
MSBuild version 17.5.0+6f08c67f3 for .NET Framework
Build started 07.05.2023 15:34:27.
Included response file: C:\Program Files (x86)\Microsoft Visual Studio\2022\BuildTools\MSBuild\Current\Bin\amd64\MSBuild.rsp

Project "E:\PiAA\Mikroprojekt2\sortowania\build\CMakeFiles\3.25.1-msvc1\CompilerIdC\CompilerIdC.vcxproj" on node 1 (default targets).
PrepareForBuild:
  Creating directory "Debug\".
  Creating directory "Debug\CompilerIdC.tlog\".
InitializeBuildStatus:
  Creating "Debug\CompilerIdC.tlog\unsuccessfulbuild" because "AlwaysCreate" was specified.
ClCompile:
  C:\Program Files (x86)\Microsoft Visual Studio\2022\BuildTools\VC\Tools\MSVC\14.35.32215\bin\HostX64\x86\CL.exe /c /nologo /W0 /WX- /diagnostics:column /Od /Oy- /D _MBCS /Gm- /EHsc /RTC1 /MDd /GS /fp:precise /Zc:wchar_t /Zc:forScope /Zc:inline /Fo"Debug\\" /Fd"Debug\vc143.pdb" /external:W0 /Gd /TC /analyze- /FC /errorReport:queue CMakeCCompilerId.c
  CMakeCCompilerId.c
Link:
  C:\Program Files (x86)\Microsoft Visual Studio\2022\BuildTools\VC\Tools\MSVC\14.35.32215\bin\HostX64\x86\link.exe /ERRORREPORT:QUEUE /OUT:".\CompilerIdC.exe" /INCREMENTAL:NO /NOLOGO kernel32.lib user32.lib gdi32.lib winspool.lib comdlg32.lib advapi32.lib shell32.lib ole32.lib oleaut32.lib uuid.lib odbc32.lib odbccp32.lib /MANIFEST /MANIFESTUAC:"level='asInvoker' uiAccess='false'" /manifest:embed /PDB:".\CompilerIdC.pdb" /SUBSYSTEM:CONSOLE /TLBID:1 /DYNAMICBASE /NXCOMPAT /IMPLIB:".\CompilerIdC.lib" /MACHINE:X86 /SAFESEH Debug\CMakeCCompilerId.obj
  CompilerIdC.vcxproj -> E:\PiAA\Mikroprojekt2\sortowania\build\CMakeFiles\3.25.1-msvc1\CompilerIdC\CompilerIdC.exe
PostBuildEvent:
  for %%i in (cl.exe) do @echo CMAKE_C_COMPILER=%%~$PATH:i
  :VCEnd
  CMAKE_C_COMPILER=C:\Program Files (x86)\Microsoft Visual Studio\2022\BuildTools\VC\Tools\MSVC\14.35.32215\bin\Hostx64\x86\cl.exe
FinalizeBuildStatus:
  Deleting file "Debug\CompilerIdC.tlog\unsuccessfulbuild".
  Touching "Debug\CompilerIdC.tlog\CompilerIdC.lastbuildstate".
Done Building Project "E:\PiAA\Mikroprojekt2\sortowania\build\CMakeFiles\3.25.1-msvc1\CompilerIdC\CompilerIdC.vcxproj" (default targets).

Build succeeded.
    0 Warning(s)
    0 Error(s)

Time Elapsed 00:00:01.52


Compilation of the C compiler identification source "CMakeCCompilerId.c" produced "CompilerIdC.exe"

Compilation of the C compiler identification source "CMakeCCompilerId.c" produced "CompilerIdC.vcxproj"

The C compiler identification is MSVC, found in "E:/PiAA/Mikroprojekt2/sortowania/build/CMakeFiles/3.25.1-msvc1/CompilerIdC/CompilerIdC.exe"

Compiling the CXX compiler identification source file "CMakeCXXCompilerId.cpp" succeeded.
Compiler:  
Build flags: 
Id flags:  

The output was:
0
MSBuild version 17.5.0+6f08c67f3 for .NET Framework
Build started 07.05.2023 15:34:30.
Included response file: C:\Program Files (x86)\Microsoft Visual Studio\2022\BuildTools\MSBuild\Current\Bin\amd64\MSBuild.rsp

Project "E:\PiAA\Mikroprojekt2\sortowania\build\CMakeFiles\3.25.1-msvc1\CompilerIdCXX\CompilerIdCXX.vcxproj" on node 1 (default targets).
PrepareForBuild:
  Creating directory "Debug\".
  Creating directory "Debug\CompilerIdCXX.tlog\".
InitializeBuildStatus:
  Creating "Debug\CompilerIdCXX.tlog\unsuccessfulbuild" because "AlwaysCreate" was specified.
ClCompile:
  C:\Program Files (x86)\Microsoft Visual Studio\2022\BuildTools\VC\Tools\MSVC\14.35.32215\bin\HostX64\x86\CL.exe /c /nologo /W0 /WX- /diagnostics:column /Od /Oy- /D _MBCS /Gm- /EHsc /RTC1 /MDd /GS /fp:precise /Zc:wchar_t /Zc:forScope /Zc:inline /Fo"Debug\\" /Fd"Debug\vc143.pdb" /external:W0 /Gd /TP /analyze- /FC /errorReport:queue CMakeCXXCompilerId.cpp
  CMakeCXXCompilerId.cpp
Link:
  C:\Program Files (x86)\Microsoft Visual Studio\2022\BuildTools\VC\Tools\MSVC\14.35.32215\bin\HostX64\x86\link.exe /ERRORREPORT:QUEUE /OUT:".\CompilerIdCXX.exe" /INCREMENTAL:NO /NOLOGO kernel32.lib user32.lib gdi32.lib winspool.lib comdlg32.lib advapi32.lib shell32.lib ole32.lib oleaut32.lib uuid.lib odbc32.lib odbccp32.lib /MANIFEST /MANIFESTUAC:"level='asInvoker' uiAccess='false'" /manifest:embed /PDB:".\CompilerIdCXX.pdb" /SUBSYSTEM:CONSOLE /TLBID:1 /DYNAMICBASE /NXCOMPAT /IMPLIB:".\CompilerIdCXX.lib" /MACHINE:X86 /SAFESEH Debug\CMakeCXXCompilerId.obj
  CompilerIdCXX.vcxproj -> E:\PiAA\Mikroprojekt2\sortowania\build\CMakeFiles\3.25.1-msvc1\CompilerIdCXX\CompilerIdCXX.exe
PostBuildEvent:
  for %%i in (cl.exe) do @echo CMAKE_CXX_COMPILER=%%~$PATH:i
  :VCEnd
  CMAKE_CXX_COMPILER=C:\Program Files (x86)\Microsoft Visual Studio\2022\BuildTools\VC\Tools\MSVC\14.35.32215\bin\Hostx64\x86\cl.exe
FinalizeBuildStatus:
  Deleting file "Debug\CompilerIdCXX.tlog\unsuccessfulbuild".
  Touching "Debug\CompilerIdCXX.tlog\CompilerIdCXX.lastbuildstate".
Done Building Project "E:\PiAA\Mikroprojekt2\sortowania\build\CMakeFiles\3.25.1-msvc1\CompilerIdCXX\CompilerIdCXX.vcxproj" (default targets).

Build succeeded.
    0 Warning(s)
    0 Error(s)

Time Elapsed 00:00:01.00


Compilation of the CXX compiler identification source "CMakeCXXCompilerId.cpp" produced "CompilerIdCXX.exe"

Compilation of the CXX compiler identification source "CMakeCXXCompilerId.cpp" produced "CompilerIdCXX.vcxproj"

The CXX compiler identification is MSVC, found in "E:/PiAA/Mikroprojekt2/sortowania/build/CMakeFiles/3.25.1-msvc1/CompilerIdCXX/CompilerIdCXX.exe"

Detecting C compiler ABI info compiled with the following output:
Change Dir: E:/PiAA/Mikroprojekt2/sortowania/build/CMakeFiles/CMakeScratch/TryCompile-mgwxqo

Run Build Command(s):C:/Program Files (x86)/Microsoft Visual Studio/2022/BuildTools/MSBuild/Current/Bin/amd64/MSBuild.exe cmTC_cc3aa.vcxproj /p:Configuration=Debug /p:Platform=win32 /p:VisualStudioVersion=17.0 /v:m && MSBuild version 17.5.0+6f08c67f3 for .NET Framework

  Microsoft (R) Kompilator optymalizujący C/C++, wersja 19.35.32215 dla architektury x86
  CMakeCCompilerABI.c
  Copyright (C) Microsoft Corporation. Wszystkie prawa zastrzeżone.
  cl /c /Zi /W3 /WX- /diagnostics:column /Od /Ob0 /Oy- /D _MBCS /D WIN32 /D _WINDOWS /D "CMAKE_INTDIR=\"Debug\"" /Gm- /RTC1 /MDd /GS /fp:precise /Zc:wchar_t /Zc:forScope /Zc:inline /Fo"cmTC_cc3aa.dir\Debug\\" /Fd"cmTC_cc3aa.dir\Debug\vc143.pdb" /external:W3 /Gd /TC /analyze- /errorReport:queue "C:\Program Files (x86)\Microsoft Visual Studio\2022\BuildTools\Common7\IDE\CommonExtensions\Microsoft\CMake\CMake\share\cmake-3.25\Modules\CMakeCCompilerABI.c"
  cmTC_cc3aa.vcxproj -> E:\PiAA\Mikroprojekt2\sortowania\build\CMakeFiles\CMakeScratch\TryCompile-mgwxqo\Debug\cmTC_cc3aa.exe



Detecting CXX compiler ABI info compiled with the following output:
Change Dir: E:/PiAA/Mikroprojekt2/sortowania/build/CMakeFiles/CMakeScratch/TryCompile-w20a4n

Run Build Command(s):C:/Program Files (x86)/Microsoft Visual Studio/2022/BuildTools/MSBuild/Current/Bin/amd64/MSBuild.exe cmTC_b4fc2.vcxproj /p:Configuration=Debug /p:Platform=win32 /p:VisualStudioVersion=17.0 /v:m && MSBuild version 17.5.0+6f08c67f3 for .NET Framework

  Microsoft (R) Kompilator optymalizujący C/C++, wersja 19.35.32215 dla architektury x86
  CMakeCXXCompilerABI.cpp
  Copyright (C) Microsoft Corporation. Wszystkie prawa zastrzeżone.
  cl /c /Zi /W3 /WX- /diagnostics:column /Od /Ob0 /Oy- /D _MBCS /D WIN32 /D _WINDOWS /D "CMAKE_INTDIR=\"Debug\"" /Gm- /EHsc /RTC1 /MDd /GS /fp:precise /Zc:wchar_t /Zc:forScope /Zc:inline /GR /Fo"cmTC_b4fc2.dir\Debug\\" /Fd"cmTC_b4fc2.dir\Debug\vc143.pdb" /external:W3 /Gd /TP /analyze- /errorReport:queue "C:\Program Files (x86)\Microsoft Visual Studio\2022\BuildTools\Common7\IDE\CommonExtensions\Microsoft\CMake\CMake\share\cmake-3.25\Modules\CMakeCXXCompilerABI.cpp"
  cmTC_b4fc2.vcxproj -> E:\PiAA\Mikroprojekt2\sortowania\build\CMakeFiles\CMakeScratch\TryCompile-w20a4n\Debug\cmTC_b4fc2.exe



